[2023-07-06 16:08:15] local.ERROR: Command "ui" is not defined. {"exception":"[object] (Symfony\\Component\\Console\\Exception\\CommandNotFoundException(code: 0): Command \"ui\" is not defined. at D:\\ITTS\\SEMESTER 6\\Pemrograman Framework\\Praktikum-6\\vendor\\symfony\\console\\Application.php:725)
[stacktrace]
#0 D:\\ITTS\\SEMESTER 6\\Pemrograman Framework\\Praktikum-6\\vendor\\symfony\\console\\Application.php(262): Symfony\\Component\\Console\\Application->find('ui')
#1 D:\\ITTS\\SEMESTER 6\\Pemrograman Framework\\Praktikum-6\\vendor\\symfony\\console\\Application.php(174): Symfony\\Component\\Console\\Application->doRun(Object(Symfony\\Component\\Console\\Input\\ArgvInput), Object(Symfony\\Component\\Console\\Output\\ConsoleOutput))
#2 D:\\ITTS\\SEMESTER 6\\Pemrograman Framework\\Praktikum-6\\vendor\\laravel\\framework\\src\\Illuminate\\Foundation\\Console\\Kernel.php(200): Symfony\\Component\\Console\\Application->run(Object(Symfony\\Component\\Console\\Input\\ArgvInput), Object(Symfony\\Component\\Console\\Output\\ConsoleOutput))
#3 D:\\ITTS\\SEMESTER 6\\Pemrograman Framework\\Praktikum-6\\artisan(35): Illuminate\\Foundation\\Console\\Kernel->handle(Object(Symfony\\Component\\Console\\Input\\ArgvInput), Object(Symfony\\Component\\Console\\Output\\ConsoleOutput))
#4 {main}
"} 
[2023-07-06 16:18:18] local.ERROR: Target class [App\Http\Controllers\Auth\LoginController] does not exist. {"exception":"[object] (Illuminate\\Contracts\\Container\\BindingResolutionException(code: 0): Target class [App\\Http\\Controllers\\Auth\\LoginController] does not exist. at D:\\ITTS\\SEMESTER 6\\Pemrograman Framework\\Praktikum-6\\vendor\\laravel\\framework\\src\\Illuminate\\Container\\Container.php:914)
[stacktrace]
#0 D:\\ITTS\\SEMESTER 6\\Pemrograman Framework\\Praktikum-6\\vendor\\laravel\\framework\\src\\Illuminate\\Container\\Container.php(795): Illuminate\\Container\\Container->build('App\\\\Http\\\\Contro...')
#1 D:\\ITTS\\SEMESTER 6\\Pemrograman Framework\\Praktikum-6\\vendor\\laravel\\framework\\src\\Illuminate\\Foundation\\Application.php(933): Illuminate\\Container\\Container->resolve('App\\\\Http\\\\Contro...', Array, true)
#2 D:\\ITTS\\SEMESTER 6\\Pemrograman Framework\\Praktikum-6\\vendor\\laravel\\framework\\src\\Illuminate\\Container\\Container.php(731): Illuminate\\Foundation\\Application->resolve('App\\\\Http\\\\Contro...', Array)
#3 D:\\ITTS\\SEMESTER 6\\Pemrograman Framework\\Praktikum-6\\vendor\\laravel\\framework\\src\\Illuminate\\Foundation\\Application.php(918): Illuminate\\Container\\Container->make('App\\\\Http\\\\Contro...', Array)
#4 D:\\ITTS\\SEMESTER 6\\Pemrograman Framework\\Praktikum-6\\vendor\\laravel\\framework\\src\\Illuminate\\Routing\\Route.php(274): Illuminate\\Foundation\\Application->make('App\\\\Http\\\\Contro...')
#5 D:\\ITTS\\SEMESTER 6\\Pemrograman Framework\\Praktikum-6\\vendor\\laravel\\framework\\src\\Illuminate\\Routing\\Route.php(260): Illuminate\\Routing\\Route->getController()
#6 D:\\ITTS\\SEMESTER 6\\Pemrograman Framework\\Praktikum-6\\vendor\\laravel\\framework\\src\\Illuminate\\Routing\\Route.php(205): Illuminate\\Routing\\Route->runController()
#7 D:\\ITTS\\SEMESTER 6\\Pemrograman Framework\\Praktikum-6\\vendor\\laravel\\framework\\src\\Illuminate\\Routing\\Router.php(799): Illuminate\\Routing\\Route->run()
#8 D:\\ITTS\\SEMESTER 6\\Pemrograman Framework\\Praktikum-6\\vendor\\laravel\\framework\\src\\Illuminate\\Pipeline\\Pipeline.php(141): Illuminate\\Routing\\Router->Illuminate\\Routing\\{closure}(Object(Illuminate\\Http\\Request))
#9 D:\\ITTS\\SEMESTER 6\\Pemrograman Framework\\Praktikum-6\\vendor\\laravel\\framework\\src\\Illuminate\\Routing\\Middleware\\SubstituteBindings.php(50): Illuminate\\Pipeline\\Pipeline->Illuminate\\Pipeline\\{closure}(Object(Illuminate\\Http\\Request))
#10 D:\\ITTS\\SEMESTER 6\\Pemrograman Framework\\Praktikum-6\\vendor\\laravel\\framework\\src\\Illuminate\\Pipeline\\Pipeline.php(180): Illuminate\\Routing\\Middleware\\SubstituteBindings->handle(Object(Illuminate\\Http\\Request), Object(Closure))
#11 D:\\ITTS\\SEMESTER 6\\Pemrograman Framework\\Praktikum-6\\vendor\\laravel\\framework\\src\\Illuminate\\Foundation\\Http\\Middleware\\VerifyCsrfToken.php(78): Illuminate\\Pipeline\\Pipeline->Illuminate\\Pipeline\\{closure}(Object(Illuminate\\Http\\Request))
#12 D:\\ITTS\\SEMESTER 6\\Pemrograman Framework\\Praktikum-6\\vendor\\laravel\\framework\\src\\Illuminate\\Pipeline\\Pipeline.php(180): Illuminate\\Foundation\\Http\\Middleware\\VerifyCsrfToken->handle(Object(Illuminate\\Http\\Request), Object(Closure))
#13 D:\\ITTS\\SEMESTER 6\\Pemrograman Framework\\Praktikum-6\\vendor\\laravel\\framework\\src\\Illuminate\\View\\Middleware\\ShareErrorsFromSession.php(49): Illuminate\\Pipeline\\Pipeline->Illuminate\\Pipeline\\{closure}(Object(Illuminate\\Http\\Request))
#14 D:\\ITTS\\SEMESTER 6\\Pemrograman Framework\\Praktikum-6\\vendor\\laravel\\framework\\src\\Illuminate\\Pipeline\\Pipeline.php(180): Illuminate\\View\\Middleware\\ShareErrorsFromSession->handle(Object(Illuminate\\Http\\Request), Object(Closure))
#15 D:\\ITTS\\SEMESTER 6\\Pemrograman Framework\\Praktikum-6\\vendor\\laravel\\framework\\src\\Illuminate\\Session\\Middleware\\StartSession.php(121): Illuminate\\Pipeline\\Pipeline->Illuminate\\Pipeline\\{closure}(Object(Illuminate\\Http\\Request))
#16 D:\\ITTS\\SEMESTER 6\\Pemrograman Framework\\Praktikum-6\\vendor\\laravel\\framework\\src\\Illuminate\\Session\\Middleware\\StartSession.php(64): Illuminate\\Session\\Middleware\\StartSession->handleStatefulRequest(Object(Illuminate\\Http\\Request), Object(Illuminate\\Session\\Store), Object(Closure))
#17 D:\\ITTS\\SEMESTER 6\\Pemrograman Framework\\Praktikum-6\\vendor\\laravel\\framework\\src\\Illuminate\\Pipeline\\Pipeline.php(180): Illuminate\\Session\\Middleware\\StartSession->handle(Object(Illuminate\\Http\\Request), Object(Closure))
#18 D:\\ITTS\\SEMESTER 6\\Pemrograman Framework\\Praktikum-6\\vendor\\laravel\\framework\\src\\Illuminate\\Cookie\\Middleware\\AddQueuedCookiesToResponse.php(37): Illuminate\\Pipeline\\Pipeline->Illuminate\\Pipeline\\{closure}(Object(Illuminate\\Http\\Request))
#19 D:\\ITTS\\SEMESTER 6\\Pemrograman Framework\\Praktikum-6\\vendor\\laravel\\framework\\src\\Illuminate\\Pipeline\\Pipeline.php(180): Illuminate\\Cookie\\Middleware\\AddQueuedCookiesToResponse->handle(Object(Illuminate\\Http\\Request), Object(Closure))
#20 D:\\ITTS\\SEMESTER 6\\Pemrograman Framework\\Praktikum-6\\vendor\\laravel\\framework\\src\\Illuminate\\Cookie\\Middleware\\EncryptCookies.php(67): Illuminate\\Pipeline\\Pipeline->Illuminate\\Pipeline\\{closure}(Object(Illuminate\\Http\\Request))
#21 D:\\ITTS\\SEMESTER 6\\Pemrograman Framework\\Praktikum-6\\vendor\\laravel\\framework\\src\\Illuminate\\Pipeline\\Pipeline.php(180): Illuminate\\Cookie\\Middleware\\EncryptCookies->handle(Object(Illuminate\\Http\\Request), Object(Closure))
#22 D:\\ITTS\\SEMESTER 6\\Pemrograman Framework\\Praktikum-6\\vendor\\laravel\\framework\\src\\Illuminate\\Pipeline\\Pipeline.php(116): Illuminate\\Pipeline\\Pipeline->Illuminate\\Pipeline\\{closure}(Object(Illuminate\\Http\\Request))
#23 D:\\ITTS\\SEMESTER 6\\Pemrograman Framework\\Praktikum-6\\vendor\\laravel\\framework\\src\\Illuminate\\Routing\\Router.php(798): Illuminate\\Pipeline\\Pipeline->then(Object(Closure))
#24 D:\\ITTS\\SEMESTER 6\\Pemrograman Framework\\Praktikum-6\\vendor\\laravel\\framework\\src\\Illuminate\\Routing\\Router.php(777): Illuminate\\Routing\\Router->runRouteWithinStack(Object(Illuminate\\Routing\\Route), Object(Illuminate\\Http\\Request))
#25 D:\\ITTS\\SEMESTER 6\\Pemrograman Framework\\Praktikum-6\\vendor\\laravel\\framework\\src\\Illuminate\\Routing\\Router.php(741): Illuminate\\Routing\\Router->runRoute(Object(Illuminate\\Http\\Request), Object(Illuminate\\Routing\\Route))
#26 D:\\ITTS\\SEMESTER 6\\Pemrograman Framework\\Praktikum-6\\vendor\\laravel\\framework\\src\\Illuminate\\Routing\\Router.php(730): Illuminate\\Routing\\Router->dispatchToRoute(Object(Illuminate\\Http\\Request))
#27 D:\\ITTS\\SEMESTER 6\\Pemrograman Framework\\Praktikum-6\\vendor\\laravel\\framework\\src\\Illuminate\\Foundation\\Http\\Kernel.php(200): Illuminate\\Routing\\Router->dispatch(Object(Illuminate\\Http\\Request))
#28 D:\\ITTS\\SEMESTER 6\\Pemrograman Framework\\Praktikum-6\\vendor\\laravel\\framework\\src\\Illuminate\\Pipeline\\Pipeline.php(141): Illuminate\\Foundation\\Http\\Kernel->Illuminate\\Foundation\\Http\\{closure}(Object(Illuminate\\Http\\Request))
#29 D:\\ITTS\\SEMESTER 6\\Pemrograman Framework\\Praktikum-6\\vendor\\laravel\\framework\\src\\Illuminate\\Foundation\\Http\\Middleware\\TransformsRequest.php(21): Illuminate\\Pipeline\\Pipeline->Illuminate\\Pipeline\\{closure}(Object(Illuminate\\Http\\Request))
#30 D:\\ITTS\\SEMESTER 6\\Pemrograman Framework\\Praktikum-6\\vendor\\laravel\\framework\\src\\Illuminate\\Foundation\\Http\\Middleware\\ConvertEmptyStringsToNull.php(31): Illuminate\\Foundation\\Http\\Middleware\\TransformsRequest->handle(Object(Illuminate\\Http\\Request), Object(Closure))
#31 D:\\ITTS\\SEMESTER 6\\Pemrograman Framework\\Praktikum-6\\vendor\\laravel\\framework\\src\\Illuminate\\Pipeline\\Pipeline.php(180): Illuminate\\Foundation\\Http\\Middleware\\ConvertEmptyStringsToNull->handle(Object(Illuminate\\Http\\Request), Object(Closure))
#32 D:\\ITTS\\SEMESTER 6\\Pemrograman Framework\\Praktikum-6\\vendor\\laravel\\framework\\src\\Illuminate\\Foundation\\Http\\Middleware\\TransformsRequest.php(21): Illuminate\\Pipeline\\Pipeline->Illuminate\\Pipeline\\{closure}(Object(Illuminate\\Http\\Request))
#33 D:\\ITTS\\SEMESTER 6\\Pemrograman Framework\\Praktikum-6\\vendor\\laravel\\framework\\src\\Illuminate\\Foundation\\Http\\Middleware\\TrimStrings.php(40): Illuminate\\Foundation\\Http\\Middleware\\TransformsRequest->handle(Object(Illuminate\\Http\\Request), Object(Closure))
#34 D:\\ITTS\\SEMESTER 6\\Pemrograman Framework\\Praktikum-6\\vendor\\laravel\\framework\\src\\Illuminate\\Pipeline\\Pipeline.php(180): Illuminate\\Foundation\\Http\\Middleware\\TrimStrings->handle(Object(Illuminate\\Http\\Request), Object(Closure))
#35 D:\\ITTS\\SEMESTER 6\\Pemrograman Framework\\Praktikum-6\\vendor\\laravel\\framework\\src\\Illuminate\\Foundation\\Http\\Middleware\\ValidatePostSize.php(27): Illuminate\\Pipeline\\Pipeline->Illuminate\\Pipeline\\{closure}(Object(Illuminate\\Http\\Request))
#36 D:\\ITTS\\SEMESTER 6\\Pemrograman Framework\\Praktikum-6\\vendor\\laravel\\framework\\src\\Illuminate\\Pipeline\\Pipeline.php(180): Illuminate\\Foundation\\Http\\Middleware\\ValidatePostSize->handle(Object(Illuminate\\Http\\Request), Object(Closure))
#37 D:\\ITTS\\SEMESTER 6\\Pemrograman Framework\\Praktikum-6\\vendor\\laravel\\framework\\src\\Illuminate\\Foundation\\Http\\Middleware\\PreventRequestsDuringMaintenance.php(86): Illuminate\\Pipeline\\Pipeline->Illuminate\\Pipeline\\{closure}(Object(Illuminate\\Http\\Request))
#38 D:\\ITTS\\SEMESTER 6\\Pemrograman Framework\\Praktikum-6\\vendor\\laravel\\framework\\src\\Illuminate\\Pipeline\\Pipeline.php(180): Illuminate\\Foundation\\Http\\Middleware\\PreventRequestsDuringMaintenance->handle(Object(Illuminate\\Http\\Request), Object(Closure))
#39 D:\\ITTS\\SEMESTER 6\\Pemrograman Framework\\Praktikum-6\\vendor\\laravel\\framework\\src\\Illuminate\\Http\\Middleware\\HandleCors.php(49): Illuminate\\Pipeline\\Pipeline->Illuminate\\Pipeline\\{closure}(Object(Illuminate\\Http\\Request))
#40 D:\\ITTS\\SEMESTER 6\\Pemrograman Framework\\Praktikum-6\\vendor\\laravel\\framework\\src\\Illuminate\\Pipeline\\Pipeline.php(180): Illuminate\\Http\\Middleware\\HandleCors->handle(Object(Illuminate\\Http\\Request), Object(Closure))
#41 D:\\ITTS\\SEMESTER 6\\Pemrograman Framework\\Praktikum-6\\vendor\\laravel\\framework\\src\\Illuminate\\Http\\Middleware\\TrustProxies.php(39): Illuminate\\Pipeline\\Pipeline->Illuminate\\Pipeline\\{closure}(Object(Illuminate\\Http\\Request))
#42 D:\\ITTS\\SEMESTER 6\\Pemrograman Framework\\Praktikum-6\\vendor\\laravel\\framework\\src\\Illuminate\\Pipeline\\Pipeline.php(180): Illuminate\\Http\\Middleware\\TrustProxies->handle(Object(Illuminate\\Http\\Request), Object(Closure))
#43 D:\\ITTS\\SEMESTER 6\\Pemrograman Framework\\Praktikum-6\\vendor\\laravel\\framework\\src\\Illuminate\\Pipeline\\Pipeline.php(116): Illuminate\\Pipeline\\Pipeline->Illuminate\\Pipeline\\{closure}(Object(Illuminate\\Http\\Request))
#44 D:\\ITTS\\SEMESTER 6\\Pemrograman Framework\\Praktikum-6\\vendor\\laravel\\framework\\src\\Illuminate\\Foundation\\Http\\Kernel.php(175): Illuminate\\Pipeline\\Pipeline->then(Object(Closure))
#45 D:\\ITTS\\SEMESTER 6\\Pemrograman Framework\\Praktikum-6\\vendor\\laravel\\framework\\src\\Illuminate\\Foundation\\Http\\Kernel.php(144): Illuminate\\Foundation\\Http\\Kernel->sendRequestThroughRouter(Object(Illuminate\\Http\\Request))
#46 D:\\ITTS\\SEMESTER 6\\Pemrograman Framework\\Praktikum-6\\public\\index.php(51): Illuminate\\Foundation\\Http\\Kernel->handle(Object(Illuminate\\Http\\Request))
#47 D:\\ITTS\\SEMESTER 6\\Pemrograman Framework\\Praktikum-6\\vendor\\laravel\\framework\\src\\Illuminate\\Foundation\\resources\\server.php(16): require_once('D:\\\\ITTS\\\\SEMESTE...')
#48 {main}

[previous exception] [object] (ReflectionException(code: -1): Class \"App\\Http\\Controllers\\Auth\\LoginController\" does not exist at D:\\ITTS\\SEMESTER 6\\Pemrograman Framework\\Praktikum-6\\vendor\\laravel\\framework\\src\\Illuminate\\Container\\Container.php:912)
[stacktrace]
#0 D:\\ITTS\\SEMESTER 6\\Pemrograman Framework\\Praktikum-6\\vendor\\laravel\\framework\\src\\Illuminate\\Container\\Container.php(912): ReflectionClass->__construct('App\\\\Http\\\\Contro...')
#1 D:\\ITTS\\SEMESTER 6\\Pemrograman Framework\\Praktikum-6\\vendor\\laravel\\framework\\src\\Illuminate\\Container\\Container.php(795): Illuminate\\Container\\Container->build('App\\\\Http\\\\Contro...')
#2 D:\\ITTS\\SEMESTER 6\\Pemrograman Framework\\Praktikum-6\\vendor\\laravel\\framework\\src\\Illuminate\\Foundation\\Application.php(933): Illuminate\\Container\\Container->resolve('App\\\\Http\\\\Contro...', Array, true)
#3 D:\\ITTS\\SEMESTER 6\\Pemrograman Framework\\Praktikum-6\\vendor\\laravel\\framework\\src\\Illuminate\\Container\\Container.php(731): Illuminate\\Foundation\\Application->resolve('App\\\\Http\\\\Contro...', Array)
#4 D:\\ITTS\\SEMESTER 6\\Pemrograman Framework\\Praktikum-6\\vendor\\laravel\\framework\\src\\Illuminate\\Foundation\\Application.php(918): Illuminate\\Container\\Container->make('App\\\\Http\\\\Contro...', Array)
#5 D:\\ITTS\\SEMESTER 6\\Pemrograman Framework\\Praktikum-6\\vendor\\laravel\\framework\\src\\Illuminate\\Routing\\Route.php(274): Illuminate\\Foundation\\Application->make('App\\\\Http\\\\Contro...')
#6 D:\\ITTS\\SEMESTER 6\\Pemrograman Framework\\Praktikum-6\\vendor\\laravel\\framework\\src\\Illuminate\\Routing\\Route.php(260): Illuminate\\Routing\\Route->getController()
#7 D:\\ITTS\\SEMESTER 6\\Pemrograman Framework\\Praktikum-6\\vendor\\laravel\\framework\\src\\Illuminate\\Routing\\Route.php(205): Illuminate\\Routing\\Route->runController()
#8 D:\\ITTS\\SEMESTER 6\\Pemrograman Framework\\Praktikum-6\\vendor\\laravel\\framework\\src\\Illuminate\\Routing\\Router.php(799): Illuminate\\Routing\\Route->run()
#9 D:\\ITTS\\SEMESTER 6\\Pemrograman Framework\\Praktikum-6\\vendor\\laravel\\framework\\src\\Illuminate\\Pipeline\\Pipeline.php(141): Illuminate\\Routing\\Router->Illuminate\\Routing\\{closure}(Object(Illuminate\\Http\\Request))
#10 D:\\ITTS\\SEMESTER 6\\Pemrograman Framework\\Praktikum-6\\vendor\\laravel\\framework\\src\\Illuminate\\Routing\\Middleware\\SubstituteBindings.php(50): Illuminate\\Pipeline\\Pipeline->Illuminate\\Pipeline\\{closure}(Object(Illuminate\\Http\\Request))
#11 D:\\ITTS\\SEMESTER 6\\Pemrograman Framework\\Praktikum-6\\vendor\\laravel\\framework\\src\\Illuminate\\Pipeline\\Pipeline.php(180): Illuminate\\Routing\\Middleware\\SubstituteBindings->handle(Object(Illuminate\\Http\\Request), Object(Closure))
#12 D:\\ITTS\\SEMESTER 6\\Pemrograman Framework\\Praktikum-6\\vendor\\laravel\\framework\\src\\Illuminate\\Foundation\\Http\\Middleware\\VerifyCsrfToken.php(78): Illuminate\\Pipeline\\Pipeline->Illuminate\\Pipeline\\{closure}(Object(Illuminate\\Http\\Request))
#13 D:\\ITTS\\SEMESTER 6\\Pemrograman Framework\\Praktikum-6\\vendor\\laravel\\framework\\src\\Illuminate\\Pipeline\\Pipeline.php(180): Illuminate\\Foundation\\Http\\Middleware\\VerifyCsrfToken->handle(Object(Illuminate\\Http\\Request), Object(Closure))
#14 D:\\ITTS\\SEMESTER 6\\Pemrograman Framework\\Praktikum-6\\vendor\\laravel\\framework\\src\\Illuminate\\View\\Middleware\\ShareErrorsFromSession.php(49): Illuminate\\Pipeline\\Pipeline->Illuminate\\Pipeline\\{closure}(Object(Illuminate\\Http\\Request))
#15 D:\\ITTS\\SEMESTER 6\\Pemrograman Framework\\Praktikum-6\\vendor\\laravel\\framework\\src\\Illuminate\\Pipeline\\Pipeline.php(180): Illuminate\\View\\Middleware\\ShareErrorsFromSession->handle(Object(Illuminate\\Http\\Request), Object(Closure))
#16 D:\\ITTS\\SEMESTER 6\\Pemrograman Framework\\Praktikum-6\\vendor\\laravel\\framework\\src\\Illuminate\\Session\\Middleware\\StartSession.php(121): Illuminate\\Pipeline\\Pipeline->Illuminate\\Pipeline\\{closure}(Object(Illuminate\\Http\\Request))
#17 D:\\ITTS\\SEMESTER 6\\Pemrograman Framework\\Praktikum-6\\vendor\\laravel\\framework\\src\\Illuminate\\Session\\Middleware\\StartSession.php(64): Illuminate\\Session\\Middleware\\StartSession->handleStatefulRequest(Object(Illuminate\\Http\\Request), Object(Illuminate\\Session\\Store), Object(Closure))
#18 D:\\ITTS\\SEMESTER 6\\Pemrograman Framework\\Praktikum-6\\vendor\\laravel\\framework\\src\\Illuminate\\Pipeline\\Pipeline.php(180): Illuminate\\Session\\Middleware\\StartSession->handle(Object(Illuminate\\Http\\Request), Object(Closure))
#19 D:\\ITTS\\SEMESTER 6\\Pemrograman Framework\\Praktikum-6\\vendor\\laravel\\framework\\src\\Illuminate\\Cookie\\Middleware\\AddQueuedCookiesToResponse.php(37): Illuminate\\Pipeline\\Pipeline->Illuminate\\Pipeline\\{closure}(Object(Illuminate\\Http\\Request))
#20 D:\\ITTS\\SEMESTER 6\\Pemrograman Framework\\Praktikum-6\\vendor\\laravel\\framework\\src\\Illuminate\\Pipeline\\Pipeline.php(180): Illuminate\\Cookie\\Middleware\\AddQueuedCookiesToResponse->handle(Object(Illuminate\\Http\\Request), Object(Closure))
#21 D:\\ITTS\\SEMESTER 6\\Pemrograman Framework\\Praktikum-6\\vendor\\laravel\\framework\\src\\Illuminate\\Cookie\\Middleware\\EncryptCookies.php(67): Illuminate\\Pipeline\\Pipeline->Illuminate\\Pipeline\\{closure}(Object(Illuminate\\Http\\Request))
#22 D:\\ITTS\\SEMESTER 6\\Pemrograman Framework\\Praktikum-6\\vendor\\laravel\\framework\\src\\Illuminate\\Pipeline\\Pipeline.php(180): Illuminate\\Cookie\\Middleware\\EncryptCookies->handle(Object(Illuminate\\Http\\Request), Object(Closure))
#23 D:\\ITTS\\SEMESTER 6\\Pemrograman Framework\\Praktikum-6\\vendor\\laravel\\framework\\src\\Illuminate\\Pipeline\\Pipeline.php(116): Illuminate\\Pipeline\\Pipeline->Illuminate\\Pipeline\\{closure}(Object(Illuminate\\Http\\Request))
#24 D:\\ITTS\\SEMESTER 6\\Pemrograman Framework\\Praktikum-6\\vendor\\laravel\\framework\\src\\Illuminate\\Routing\\Router.php(798): Illuminate\\Pipeline\\Pipeline->then(Object(Closure))
#25 D:\\ITTS\\SEMESTER 6\\Pemrograman Framework\\Praktikum-6\\vendor\\laravel\\framework\\src\\Illuminate\\Routing\\Router.php(777): Illuminate\\Routing\\Router->runRouteWithinStack(Object(Illuminate\\Routing\\Route), Object(Illuminate\\Http\\Request))
#26 D:\\ITTS\\SEMESTER 6\\Pemrograman Framework\\Praktikum-6\\vendor\\laravel\\framework\\src\\Illuminate\\Routing\\Router.php(741): Illuminate\\Routing\\Router->runRoute(Object(Illuminate\\Http\\Request), Object(Illuminate\\Routing\\Route))
#27 D:\\ITTS\\SEMESTER 6\\Pemrograman Framework\\Praktikum-6\\vendor\\laravel\\framework\\src\\Illuminate\\Routing\\Router.php(730): Illuminate\\Routing\\Router->dispatchToRoute(Object(Illuminate\\Http\\Request))
#28 D:\\ITTS\\SEMESTER 6\\Pemrograman Framework\\Praktikum-6\\vendor\\laravel\\framework\\src\\Illuminate\\Foundation\\Http\\Kernel.php(200): Illuminate\\Routing\\Router->dispatch(Object(Illuminate\\Http\\Request))
#29 D:\\ITTS\\SEMESTER 6\\Pemrograman Framework\\Praktikum-6\\vendor\\laravel\\framework\\src\\Illuminate\\Pipeline\\Pipeline.php(141): Illuminate\\Foundation\\Http\\Kernel->Illuminate\\Foundation\\Http\\{closure}(Object(Illuminate\\Http\\Request))
#30 D:\\ITTS\\SEMESTER 6\\Pemrograman Framework\\Praktikum-6\\vendor\\laravel\\framework\\src\\Illuminate\\Foundation\\Http\\Middleware\\TransformsRequest.php(21): Illuminate\\Pipeline\\Pipeline->Illuminate\\Pipeline\\{closure}(Object(Illuminate\\Http\\Request))
#31 D:\\ITTS\\SEMESTER 6\\Pemrograman Framework\\Praktikum-6\\vendor\\laravel\\framework\\src\\Illuminate\\Foundation\\Http\\Middleware\\ConvertEmptyStringsToNull.php(31): Illuminate\\Foundation\\Http\\Middleware\\TransformsRequest->handle(Object(Illuminate\\Http\\Request), Object(Closure))
#32 D:\\ITTS\\SEMESTER 6\\Pemrograman Framework\\Praktikum-6\\vendor\\laravel\\framework\\src\\Illuminate\\Pipeline\\Pipeline.php(180): Illuminate\\Foundation\\Http\\Middleware\\ConvertEmptyStringsToNull->handle(Object(Illuminate\\Http\\Request), Object(Closure))
#33 D:\\ITTS\\SEMESTER 6\\Pemrograman Framework\\Praktikum-6\\vendor\\laravel\\framework\\src\\Illuminate\\Foundation\\Http\\Middleware\\TransformsRequest.php(21): Illuminate\\Pipeline\\Pipeline->Illuminate\\Pipeline\\{closure}(Object(Illuminate\\Http\\Request))
#34 D:\\ITTS\\SEMESTER 6\\Pemrograman Framework\\Praktikum-6\\vendor\\laravel\\framework\\src\\Illuminate\\Foundation\\Http\\Middleware\\TrimStrings.php(40): Illuminate\\Foundation\\Http\\Middleware\\TransformsRequest->handle(Object(Illuminate\\Http\\Request), Object(Closure))
#35 D:\\ITTS\\SEMESTER 6\\Pemrograman Framework\\Praktikum-6\\vendor\\laravel\\framework\\src\\Illuminate\\Pipeline\\Pipeline.php(180): Illuminate\\Foundation\\Http\\Middleware\\TrimStrings->handle(Object(Illuminate\\Http\\Request), Object(Closure))
#36 D:\\ITTS\\SEMESTER 6\\Pemrograman Framework\\Praktikum-6\\vendor\\laravel\\framework\\src\\Illuminate\\Foundation\\Http\\Middleware\\ValidatePostSize.php(27): Illuminate\\Pipeline\\Pipeline->Illuminate\\Pipeline\\{closure}(Object(Illuminate\\Http\\Request))
#37 D:\\ITTS\\SEMESTER 6\\Pemrograman Framework\\Praktikum-6\\vendor\\laravel\\framework\\src\\Illuminate\\Pipeline\\Pipeline.php(180): Illuminate\\Foundation\\Http\\Middleware\\ValidatePostSize->handle(Object(Illuminate\\Http\\Request), Object(Closure))
#38 D:\\ITTS\\SEMESTER 6\\Pemrograman Framework\\Praktikum-6\\vendor\\laravel\\framework\\src\\Illuminate\\Foundation\\Http\\Middleware\\PreventRequestsDuringMaintenance.php(86): Illuminate\\Pipeline\\Pipeline->Illuminate\\Pipeline\\{closure}(Object(Illuminate\\Http\\Request))
#39 D:\\ITTS\\SEMESTER 6\\Pemrograman Framework\\Praktikum-6\\vendor\\laravel\\framework\\src\\Illuminate\\Pipeline\\Pipeline.php(180): Illuminate\\Foundation\\Http\\Middleware\\PreventRequestsDuringMaintenance->handle(Object(Illuminate\\Http\\Request), Object(Closure))
#40 D:\\ITTS\\SEMESTER 6\\Pemrograman Framework\\Praktikum-6\\vendor\\laravel\\framework\\src\\Illuminate\\Http\\Middleware\\HandleCors.php(49): Illuminate\\Pipeline\\Pipeline->Illuminate\\Pipeline\\{closure}(Object(Illuminate\\Http\\Request))
#41 D:\\ITTS\\SEMESTER 6\\Pemrograman Framework\\Praktikum-6\\vendor\\laravel\\framework\\src\\Illuminate\\Pipeline\\Pipeline.php(180): Illuminate\\Http\\Middleware\\HandleCors->handle(Object(Illuminate\\Http\\Request), Object(Closure))
#42 D:\\ITTS\\SEMESTER 6\\Pemrograman Framework\\Praktikum-6\\vendor\\laravel\\framework\\src\\Illuminate\\Http\\Middleware\\TrustProxies.php(39): Illuminate\\Pipeline\\Pipeline->Illuminate\\Pipeline\\{closure}(Object(Illuminate\\Http\\Request))
#43 D:\\ITTS\\SEMESTER 6\\Pemrograman Framework\\Praktikum-6\\vendor\\laravel\\framework\\src\\Illuminate\\Pipeline\\Pipeline.php(180): Illuminate\\Http\\Middleware\\TrustProxies->handle(Object(Illuminate\\Http\\Request), Object(Closure))
#44 D:\\ITTS\\SEMESTER 6\\Pemrograman Framework\\Praktikum-6\\vendor\\laravel\\framework\\src\\Illuminate\\Pipeline\\Pipeline.php(116): Illuminate\\Pipeline\\Pipeline->Illuminate\\Pipeline\\{closure}(Object(Illuminate\\Http\\Request))
#45 D:\\ITTS\\SEMESTER 6\\Pemrograman Framework\\Praktikum-6\\vendor\\laravel\\framework\\src\\Illuminate\\Foundation\\Http\\Kernel.php(175): Illuminate\\Pipeline\\Pipeline->then(Object(Closure))
#46 D:\\ITTS\\SEMESTER 6\\Pemrograman Framework\\Praktikum-6\\vendor\\laravel\\framework\\src\\Illuminate\\Foundation\\Http\\Kernel.php(144): Illuminate\\Foundation\\Http\\Kernel->sendRequestThroughRouter(Object(Illuminate\\Http\\Request))
#47 D:\\ITTS\\SEMESTER 6\\Pemrograman Framework\\Praktikum-6\\public\\index.php(51): Illuminate\\Foundation\\Http\\Kernel->handle(Object(Illuminate\\Http\\Request))
#48 D:\\ITTS\\SEMESTER 6\\Pemrograman Framework\\Praktikum-6\\vendor\\laravel\\framework\\src\\Illuminate\\Foundation\\resources\\server.php(16): require_once('D:\\\\ITTS\\\\SEMESTE...')
#49 {main}
"} 
[2023-07-06 16:30:49] local.ERROR: require(D:\ITTS\SEMESTER 6\Pemrograman Framework\Praktikum-6\routes/web.php): Failed to open stream: No such file or directory {"exception":"[object] (ErrorException(code: 0): require(D:\\ITTS\\SEMESTER 6\\Pemrograman Framework\\Praktikum-6\\routes/web.php): Failed to open stream: No such file or directory at D:\\ITTS\\SEMESTER 6\\Pemrograman Framework\\Praktikum-6\\vendor\\laravel\\framework\\src\\Illuminate\\Routing\\RouteFileRegistrar.php:35)
[stacktrace]
#0 D:\\ITTS\\SEMESTER 6\\Pemrograman Framework\\Praktikum-6\\vendor\\laravel\\framework\\src\\Illuminate\\Foundation\\Bootstrap\\HandleExceptions.php(254): Illuminate\\Foundation\\Bootstrap\\HandleExceptions->handleError(2, 'require(D:\\\\ITTS...', 'D:\\\\ITTS\\\\SEMESTE...', 35)
#1 D:\\ITTS\\SEMESTER 6\\Pemrograman Framework\\Praktikum-6\\vendor\\laravel\\framework\\src\\Illuminate\\Routing\\RouteFileRegistrar.php(35): Illuminate\\Foundation\\Bootstrap\\HandleExceptions->Illuminate\\Foundation\\Bootstrap\\{closure}(2, 'require(D:\\\\ITTS...', 'D:\\\\ITTS\\\\SEMESTE...', 35)
#2 D:\\ITTS\\SEMESTER 6\\Pemrograman Framework\\Praktikum-6\\vendor\\laravel\\framework\\src\\Illuminate\\Routing\\RouteFileRegistrar.php(35): require('D:\\\\ITTS\\\\SEMESTE...')
#3 D:\\ITTS\\SEMESTER 6\\Pemrograman Framework\\Praktikum-6\\vendor\\laravel\\framework\\src\\Illuminate\\Routing\\Router.php(504): Illuminate\\Routing\\RouteFileRegistrar->register('D:\\\\ITTS\\\\SEMESTE...')
#4 D:\\ITTS\\SEMESTER 6\\Pemrograman Framework\\Praktikum-6\\vendor\\laravel\\framework\\src\\Illuminate\\Routing\\Router.php(458): Illuminate\\Routing\\Router->loadRoutes('D:\\\\ITTS\\\\SEMESTE...')
#5 D:\\ITTS\\SEMESTER 6\\Pemrograman Framework\\Praktikum-6\\vendor\\laravel\\framework\\src\\Illuminate\\Routing\\RouteRegistrar.php(192): Illuminate\\Routing\\Router->group(Array, 'D:\\\\ITTS\\\\SEMESTE...')
#6 D:\\ITTS\\SEMESTER 6\\Pemrograman Framework\\Praktikum-6\\app\\Providers\\RouteServiceProvider.php(37): Illuminate\\Routing\\RouteRegistrar->group('D:\\\\ITTS\\\\SEMESTE...')
#7 D:\\ITTS\\SEMESTER 6\\Pemrograman Framework\\Praktikum-6\\vendor\\laravel\\framework\\src\\Illuminate\\Container\\BoundMethod.php(36): App\\Providers\\RouteServiceProvider->App\\Providers\\{closure}()
#8 D:\\ITTS\\SEMESTER 6\\Pemrograman Framework\\Praktikum-6\\vendor\\laravel\\framework\\src\\Illuminate\\Container\\Util.php(41): Illuminate\\Container\\BoundMethod::Illuminate\\Container\\{closure}()
#9 D:\\ITTS\\SEMESTER 6\\Pemrograman Framework\\Praktikum-6\\vendor\\laravel\\framework\\src\\Illuminate\\Container\\BoundMethod.php(81): Illuminate\\Container\\Util::unwrapIfClosure(Object(Closure))
#10 D:\\ITTS\\SEMESTER 6\\Pemrograman Framework\\Praktikum-6\\vendor\\laravel\\framework\\src\\Illuminate\\Container\\BoundMethod.php(35): Illuminate\\Container\\BoundMethod::callBoundMethod(Object(Illuminate\\Foundation\\Application), Object(Closure), Object(Closure))
#11 D:\\ITTS\\SEMESTER 6\\Pemrograman Framework\\Praktikum-6\\vendor\\laravel\\framework\\src\\Illuminate\\Container\\Container.php(662): Illuminate\\Container\\BoundMethod::call(Object(Illuminate\\Foundation\\Application), Object(Closure), Array, NULL)
#12 D:\\ITTS\\SEMESTER 6\\Pemrograman Framework\\Praktikum-6\\vendor\\laravel\\framework\\src\\Illuminate\\Foundation\\Support\\Providers\\RouteServiceProvider.php(120): Illuminate\\Container\\Container->call(Object(Closure))
#13 D:\\ITTS\\SEMESTER 6\\Pemrograman Framework\\Praktikum-6\\vendor\\laravel\\framework\\src\\Illuminate\\Foundation\\Support\\Providers\\RouteServiceProvider.php(45): Illuminate\\Foundation\\Support\\Providers\\RouteServiceProvider->loadRoutes()
#14 D:\\ITTS\\SEMESTER 6\\Pemrograman Framework\\Praktikum-6\\vendor\\laravel\\framework\\src\\Illuminate\\Container\\BoundMethod.php(36): Illuminate\\Foundation\\Support\\Providers\\RouteServiceProvider->Illuminate\\Foundation\\Support\\Providers\\{closure}()
#15 D:\\ITTS\\SEMESTER 6\\Pemrograman Framework\\Praktikum-6\\vendor\\laravel\\framework\\src\\Illuminate\\Container\\Util.php(41): Illuminate\\Container\\BoundMethod::Illuminate\\Container\\{closure}()
#16 D:\\ITTS\\SEMESTER 6\\Pemrograman Framework\\Praktikum-6\\vendor\\laravel\\framework\\src\\Illuminate\\Container\\BoundMethod.php(81): Illuminate\\Container\\Util::unwrapIfClosure(Object(Closure))
#17 D:\\ITTS\\SEMESTER 6\\Pemrograman Framework\\Praktikum-6\\vendor\\laravel\\framework\\src\\Illuminate\\Container\\BoundMethod.php(35): Illuminate\\Container\\BoundMethod::callBoundMethod(Object(Illuminate\\Foundation\\Application), Object(Closure), Object(Closure))
#18 D:\\ITTS\\SEMESTER 6\\Pemrograman Framework\\Praktikum-6\\vendor\\laravel\\framework\\src\\Illuminate\\Container\\Container.php(662): Illuminate\\Container\\BoundMethod::call(Object(Illuminate\\Foundation\\Application), Object(Closure), Array, NULL)
#19 D:\\ITTS\\SEMESTER 6\\Pemrograman Framework\\Praktikum-6\\vendor\\laravel\\framework\\src\\Illuminate\\Support\\ServiceProvider.php(119): Illuminate\\Container\\Container->call(Object(Closure))
#20 D:\\ITTS\\SEMESTER 6\\Pemrograman Framework\\Praktikum-6\\vendor\\laravel\\framework\\src\\Illuminate\\Foundation\\Application.php(1009): Illuminate\\Support\\ServiceProvider->callBootedCallbacks()
#21 D:\\ITTS\\SEMESTER 6\\Pemrograman Framework\\Praktikum-6\\vendor\\laravel\\framework\\src\\Illuminate\\Foundation\\Application.php(987): Illuminate\\Foundation\\Application->bootProvider(Object(App\\Providers\\RouteServiceProvider))
#22 [internal function]: Illuminate\\Foundation\\Application->Illuminate\\Foundation\\{closure}(Object(App\\Providers\\RouteServiceProvider), 25)
#23 D:\\ITTS\\SEMESTER 6\\Pemrograman Framework\\Praktikum-6\\vendor\\laravel\\framework\\src\\Illuminate\\Foundation\\Application.php(986): array_walk(Array, Object(Closure))
#24 D:\\ITTS\\SEMESTER 6\\Pemrograman Framework\\Praktikum-6\\vendor\\laravel\\framework\\src\\Illuminate\\Foundation\\Bootstrap\\BootProviders.php(17): Illuminate\\Foundation\\Application->boot()
#25 D:\\ITTS\\SEMESTER 6\\Pemrograman Framework\\Praktikum-6\\vendor\\laravel\\framework\\src\\Illuminate\\Foundation\\Application.php(261): Illuminate\\Foundation\\Bootstrap\\BootProviders->bootstrap(Object(Illuminate\\Foundation\\Application))
#26 D:\\ITTS\\SEMESTER 6\\Pemrograman Framework\\Praktikum-6\\vendor\\laravel\\framework\\src\\Illuminate\\Foundation\\Console\\Kernel.php(434): Illuminate\\Foundation\\Application->bootstrapWith(Array)
#27 D:\\ITTS\\SEMESTER 6\\Pemrograman Framework\\Praktikum-6\\vendor\\laravel\\framework\\src\\Illuminate\\Foundation\\Console\\Kernel.php(198): Illuminate\\Foundation\\Console\\Kernel->bootstrap()
#28 Command line code(1): Illuminate\\Foundation\\Console\\Kernel->handle(Object(Symfony\\Component\\Console\\Input\\ArgvInput), Object(Symfony\\Component\\Console\\Output\\ConsoleOutput))
#29 {main}
"} 
[2023-07-06 16:30:50] local.ERROR: require(D:\ITTS\SEMESTER 6\Pemrograman Framework\Praktikum-6\routes/web.php): Failed to open stream: No such file or directory {"exception":"[object] (ErrorException(code: 0): require(D:\\ITTS\\SEMESTER 6\\Pemrograman Framework\\Praktikum-6\\routes/web.php): Failed to open stream: No such file or directory at D:\\ITTS\\SEMESTER 6\\Pemrograman Framework\\Praktikum-6\\vendor\\laravel\\framework\\src\\Illuminate\\Routing\\RouteFileRegistrar.php:35)
[stacktrace]
#0 D:\\ITTS\\SEMESTER 6\\Pemrograman Framework\\Praktikum-6\\vendor\\laravel\\framework\\src\\Illuminate\\Foundation\\Bootstrap\\HandleExceptions.php(254): Illuminate\\Foundation\\Bootstrap\\HandleExceptions->handleError(2, 'require(D:\\\\ITTS...', 'D:\\\\ITTS\\\\SEMESTE...', 35)
#1 D:\\ITTS\\SEMESTER 6\\Pemrograman Framework\\Praktikum-6\\vendor\\laravel\\framework\\src\\Illuminate\\Routing\\RouteFileRegistrar.php(35): Illuminate\\Foundation\\Bootstrap\\HandleExceptions->Illuminate\\Foundation\\Bootstrap\\{closure}(2, 'require(D:\\\\ITTS...', 'D:\\\\ITTS\\\\SEMESTE...', 35)
#2 D:\\ITTS\\SEMESTER 6\\Pemrograman Framework\\Praktikum-6\\vendor\\laravel\\framework\\src\\Illuminate\\Routing\\RouteFileRegistrar.php(35): require('D:\\\\ITTS\\\\SEMESTE...')
#3 D:\\ITTS\\SEMESTER 6\\Pemrograman Framework\\Praktikum-6\\vendor\\laravel\\framework\\src\\Illuminate\\Routing\\Router.php(504): Illuminate\\Routing\\RouteFileRegistrar->register('D:\\\\ITTS\\\\SEMESTE...')
#4 D:\\ITTS\\SEMESTER 6\\Pemrograman Framework\\Praktikum-6\\vendor\\laravel\\framework\\src\\Illuminate\\Routing\\Router.php(458): Illuminate\\Routing\\Router->loadRoutes('D:\\\\ITTS\\\\SEMESTE...')
#5 D:\\ITTS\\SEMESTER 6\\Pemrograman Framework\\Praktikum-6\\vendor\\laravel\\framework\\src\\Illuminate\\Routing\\RouteRegistrar.php(192): Illuminate\\Routing\\Router->group(Array, 'D:\\\\ITTS\\\\SEMESTE...')
#6 D:\\ITTS\\SEMESTER 6\\Pemrograman Framework\\Praktikum-6\\app\\Providers\\RouteServiceProvider.php(37): Illuminate\\Routing\\RouteRegistrar->group('D:\\\\ITTS\\\\SEMESTE...')
#7 D:\\ITTS\\SEMESTER 6\\Pemrograman Framework\\Praktikum-6\\vendor\\laravel\\framework\\src\\Illuminate\\Container\\BoundMethod.php(36): App\\Providers\\RouteServiceProvider->App\\Providers\\{closure}()
#8 D:\\ITTS\\SEMESTER 6\\Pemrograman Framework\\Praktikum-6\\vendor\\laravel\\framework\\src\\Illuminate\\Container\\Util.php(41): Illuminate\\Container\\BoundMethod::Illuminate\\Container\\{closure}()
#9 D:\\ITTS\\SEMESTER 6\\Pemrograman Framework\\Praktikum-6\\vendor\\laravel\\framework\\src\\Illuminate\\Container\\BoundMethod.php(81): Illuminate\\Container\\Util::unwrapIfClosure(Object(Closure))
#10 D:\\ITTS\\SEMESTER 6\\Pemrograman Framework\\Praktikum-6\\vendor\\laravel\\framework\\src\\Illuminate\\Container\\BoundMethod.php(35): Illuminate\\Container\\BoundMethod::callBoundMethod(Object(Illuminate\\Foundation\\Application), Object(Closure), Object(Closure))
#11 D:\\ITTS\\SEMESTER 6\\Pemrograman Framework\\Praktikum-6\\vendor\\laravel\\framework\\src\\Illuminate\\Container\\Container.php(662): Illuminate\\Container\\BoundMethod::call(Object(Illuminate\\Foundation\\Application), Object(Closure), Array, NULL)
#12 D:\\ITTS\\SEMESTER 6\\Pemrograman Framework\\Praktikum-6\\vendor\\laravel\\framework\\src\\Illuminate\\Foundation\\Support\\Providers\\RouteServiceProvider.php(120): Illuminate\\Container\\Container->call(Object(Closure))
#13 D:\\ITTS\\SEMESTER 6\\Pemrograman Framework\\Praktikum-6\\vendor\\laravel\\framework\\src\\Illuminate\\Foundation\\Support\\Providers\\RouteServiceProvider.php(45): Illuminate\\Foundation\\Support\\Providers\\RouteServiceProvider->loadRoutes()
#14 D:\\ITTS\\SEMESTER 6\\Pemrograman Framework\\Praktikum-6\\vendor\\laravel\\framework\\src\\Illuminate\\Container\\BoundMethod.php(36): Illuminate\\Foundation\\Support\\Providers\\RouteServiceProvider->Illuminate\\Foundation\\Support\\Providers\\{closure}()
#15 D:\\ITTS\\SEMESTER 6\\Pemrograman Framework\\Praktikum-6\\vendor\\laravel\\framework\\src\\Illuminate\\Container\\Util.php(41): Illuminate\\Container\\BoundMethod::Illuminate\\Container\\{closure}()
#16 D:\\ITTS\\SEMESTER 6\\Pemrograman Framework\\Praktikum-6\\vendor\\laravel\\framework\\src\\Illuminate\\Container\\BoundMethod.php(81): Illuminate\\Container\\Util::unwrapIfClosure(Object(Closure))
#17 D:\\ITTS\\SEMESTER 6\\Pemrograman Framework\\Praktikum-6\\vendor\\laravel\\framework\\src\\Illuminate\\Container\\BoundMethod.php(35): Illuminate\\Container\\BoundMethod::callBoundMethod(Object(Illuminate\\Foundation\\Application), Object(Closure), Object(Closure))
#18 D:\\ITTS\\SEMESTER 6\\Pemrograman Framework\\Praktikum-6\\vendor\\laravel\\framework\\src\\Illuminate\\Container\\Container.php(662): Illuminate\\Container\\BoundMethod::call(Object(Illuminate\\Foundation\\Application), Object(Closure), Array, NULL)
#19 D:\\ITTS\\SEMESTER 6\\Pemrograman Framework\\Praktikum-6\\vendor\\laravel\\framework\\src\\Illuminate\\Support\\ServiceProvider.php(119): Illuminate\\Container\\Container->call(Object(Closure))
#20 D:\\ITTS\\SEMESTER 6\\Pemrograman Framework\\Praktikum-6\\vendor\\laravel\\framework\\src\\Illuminate\\Foundation\\Application.php(1009): Illuminate\\Support\\ServiceProvider->callBootedCallbacks()
#21 D:\\ITTS\\SEMESTER 6\\Pemrograman Framework\\Praktikum-6\\vendor\\laravel\\framework\\src\\Illuminate\\Foundation\\Application.php(987): Illuminate\\Foundation\\Application->bootProvider(Object(App\\Providers\\RouteServiceProvider))
#22 [internal function]: Illuminate\\Foundation\\Application->Illuminate\\Foundation\\{closure}(Object(App\\Providers\\RouteServiceProvider), 25)
#23 D:\\ITTS\\SEMESTER 6\\Pemrograman Framework\\Praktikum-6\\vendor\\laravel\\framework\\src\\Illuminate\\Foundation\\Application.php(986): array_walk(Array, Object(Closure))
#24 D:\\ITTS\\SEMESTER 6\\Pemrograman Framework\\Praktikum-6\\vendor\\laravel\\framework\\src\\Illuminate\\Foundation\\Bootstrap\\BootProviders.php(17): Illuminate\\Foundation\\Application->boot()
#25 D:\\ITTS\\SEMESTER 6\\Pemrograman Framework\\Praktikum-6\\vendor\\laravel\\framework\\src\\Illuminate\\Foundation\\Application.php(261): Illuminate\\Foundation\\Bootstrap\\BootProviders->bootstrap(Object(Illuminate\\Foundation\\Application))
#26 D:\\ITTS\\SEMESTER 6\\Pemrograman Framework\\Praktikum-6\\vendor\\laravel\\framework\\src\\Illuminate\\Foundation\\Console\\Kernel.php(434): Illuminate\\Foundation\\Application->bootstrapWith(Array)
#27 D:\\ITTS\\SEMESTER 6\\Pemrograman Framework\\Praktikum-6\\vendor\\laravel\\framework\\src\\Illuminate\\Foundation\\Console\\Kernel.php(198): Illuminate\\Foundation\\Console\\Kernel->bootstrap()
#28 Command line code(1): Illuminate\\Foundation\\Console\\Kernel->handle(Object(Symfony\\Component\\Console\\Input\\ArgvInput), Object(Symfony\\Component\\Console\\Output\\ConsoleOutput))
#29 {main}
"} 
